<?xml version="1.0" encoding="UTF-8"?>
<!-- Generated by org.testng.reporters.JUnitXMLReporter -->
<testsuite ignored="0" hostname="bcedbeeced305226558baaaccbaafebfafour-0" failures="0" tests="3" name="Surefire test" time="34.086" errors="0" timestamp="2023-09-19T00:29:25 UTC">
  <testcase classname="runner.Testcase1" name="TC_001" time="6.62"/>
  <testcase classname="runner.Testcase1" name="TC_002" time="10.335"/>
  <testcase classname="runner.Testcase1" name="TC_003" time="8.759"/>
</testsuite> <!-- Surefire test -->
