<?xml version="1.0" encoding="UTF-8"?>
<!-- Generated by org.testng.reporters.JUnitXMLReporter -->
<testsuite ignored="0" hostname="bcedbeeced305226558baaaccbaafebfafour-0" failures="0" tests="3" name="Surefire test" time="33.768" errors="0" timestamp="2023-09-19T00:22:45 UTC">
  <testcase classname="runner.Testcase1" name="TC_001" time="6.831"/>
  <testcase classname="runner.Testcase1" name="TC_002" time="9.588"/>
  <testcase classname="runner.Testcase1" name="TC_003" time="9.041"/>
</testsuite> <!-- Surefire test -->
