<?xml version="1.0" encoding="UTF-8"?>
<testng-results ignored="0" total="3" passed="3" failed="0" skipped="0">
  <reporter-output>
  </reporter-output>
  <suite started-at="2023-09-19T00:22:11 UTC" name="Surefire suite" finished-at="2023-09-19T00:22:45 UTC" duration-ms="33768">
    <groups>
    </groups>
    <test started-at="2023-09-19T00:22:11 UTC" name="Surefire test" finished-at="2023-09-19T00:22:45 UTC" duration-ms="33768">
      <class name="runner.Testcase1">
        <test-method is-config="true" signature="beforeMethod()[pri:0, instance:runner.Testcase1@20140db9]" started-at="2023-09-19T00:22:11 UTC" name="beforeMethod" finished-at="2023-09-19T00:22:15 UTC" duration-ms="3264" status="PASS">
          <reporter-output>
          </reporter-output>
        </test-method> <!-- beforeMethod -->
        <test-method signature="TC_001()[pri:1, instance:runner.Testcase1@20140db9]" started-at="2023-09-19T00:22:15 UTC" name="TC_001" finished-at="2023-09-19T00:22:21 UTC" duration-ms="6831" status="PASS">
          <reporter-output>
          </reporter-output>
        </test-method> <!-- TC_001 -->
        <test-method is-config="true" signature="afterMethod()[pri:0, instance:runner.Testcase1@20140db9]" started-at="2023-09-19T00:22:21 UTC" name="afterMethod" finished-at="2023-09-19T00:22:22 UTC" duration-ms="319" status="PASS">
          <reporter-output>
          </reporter-output>
        </test-method> <!-- afterMethod -->
        <test-method is-config="true" signature="beforeMethod()[pri:0, instance:runner.Testcase1@20140db9]" started-at="2023-09-19T00:22:22 UTC" name="beforeMethod" finished-at="2023-09-19T00:22:24 UTC" duration-ms="2223" status="PASS">
          <reporter-output>
          </reporter-output>
        </test-method> <!-- beforeMethod -->
        <test-method signature="TC_002()[pri:2, instance:runner.Testcase1@20140db9]" started-at="2023-09-19T00:22:24 UTC" name="TC_002" finished-at="2023-09-19T00:22:34 UTC" duration-ms="9588" status="PASS">
          <reporter-output>
          </reporter-output>
        </test-method> <!-- TC_002 -->
        <test-method is-config="true" signature="afterMethod()[pri:0, instance:runner.Testcase1@20140db9]" started-at="2023-09-19T00:22:34 UTC" name="afterMethod" finished-at="2023-09-19T00:22:34 UTC" duration-ms="118" status="PASS">
          <reporter-output>
          </reporter-output>
        </test-method> <!-- afterMethod -->
        <test-method is-config="true" signature="beforeMethod()[pri:0, instance:runner.Testcase1@20140db9]" started-at="2023-09-19T00:22:34 UTC" name="beforeMethod" finished-at="2023-09-19T00:22:36 UTC" duration-ms="2207" status="PASS">
          <reporter-output>
          </reporter-output>
        </test-method> <!-- beforeMethod -->
        <test-method signature="TC_003()[pri:3, instance:runner.Testcase1@20140db9]" started-at="2023-09-19T00:22:36 UTC" name="TC_003" finished-at="2023-09-19T00:22:45 UTC" duration-ms="9041" status="PASS">
          <reporter-output>
          </reporter-output>
        </test-method> <!-- TC_003 -->
        <test-method is-config="true" signature="afterMethod()[pri:0, instance:runner.Testcase1@20140db9]" started-at="2023-09-19T00:22:45 UTC" name="afterMethod" finished-at="2023-09-19T00:22:45 UTC" duration-ms="124" status="PASS">
          <reporter-output>
          </reporter-output>
        </test-method> <!-- afterMethod -->
      </class> <!-- runner.Testcase1 -->
    </test> <!-- Surefire test -->
  </suite> <!-- Surefire suite -->
</testng-results>
